{"/Users/messingtomas/Projekty/antigravity/spine/platform/outreach-dashboard/src/store/outreachHealth.ts": {"path":"/Users/messingtomas/Projekty/antigravity/spine/platform/outreach-dashboard/src/store/outreachHealth.ts","statementMap":{"0":{"start":{"line":9,"column":13},"end":{"line":13,"column":null}},"1":{"start":{"line":9,"column":63},"end":{"line":13,"column":2}},"2":{"start":{"line":12,"column":29},"end":{"line":12,"column":null}},"3":{"start":{"line":17,"column":0},"end":{"line":20,"column":null}},"4":{"start":{"line":18,"column":3},"end":{"line":19,"column":null}},"5":{"start":{"line":19,"column":20},"end":{"line":19,"column":null}}},"fnMap":{"0":{"name":"(anonymous_0)","decl":{"start":{"line":9,"column":33},"end":{"line":9,"column":54}},"loc":{"start":{"line":9,"column":63},"end":{"line":13,"column":2}},"line":9},"1":{"name":"(anonymous_1)","decl":{"start":{"line":12,"column":2},"end":{"line":12,"column":16}},"loc":{"start":{"line":12,"column":29},"end":{"line":12,"column":null}},"line":12},"2":{"name":"(anonymous_2)","decl":{"start":{"line":18,"column":50},"end":{"line":18,"column":null}},"loc":{"start":{"line":19,"column":20},"end":{"line":19,"column":null}},"line":19}},"branchMap":{"0":{"loc":{"start":{"line":17,"column":0},"end":{"line":20,"column":null}},"type":"if","locations":[{"start":{"line":17,"column":0},"end":{"line":20,"column":null}},{"start":{},"end":{}}],"line":17}},"s":{"0":1,"1":1,"2":113,"3":1,"4":0,"5":0},"f":{"0":1,"1":113,"2":0},"b":{"0":[0,1]},"meta":{"lastBranch":1,"lastFunction":3,"lastStatement":6,"seen":{"s:9:13:13:Infinity":0,"f:9:33:9:54":0,"s:9:63:13:2":1,"f:12:2:12:16":1,"s:12:29:12:Infinity":2,"b:17:0:20:Infinity:undefined:undefined:undefined:undefined":0,"s:17:0:20:Infinity":3,"s:18:3:19:Infinity":4,"f:18:50:18:Infinity":2,"s:19:20:19:Infinity":5},"fnNames":{}}}
,"/Users/messingtomas/Projekty/antigravity/src/engine.ts": {"path":"/Users/messingtomas/Projekty/antigravity/src/engine.ts","statementMap":{"0":{"start":{"line":8,"column":75},"end":{"line":8,"column":null}},"1":{"start":{"line":9,"column":48},"end":{"line":9,"column":null}},"2":{"start":{"line":12,"column":4},"end":{"line":12,"column":null}},"3":{"start":{"line":19,"column":22},"end":{"line":22,"column":null}},"4":{"start":{"line":24,"column":4},"end":{"line":34,"column":null}},"5":{"start":{"line":25,"column":23},"end":{"line":25,"column":null}},"6":{"start":{"line":26,"column":22},"end":{"line":26,"column":null}},"7":{"start":{"line":27,"column":6},"end":{"line":33,"column":null}},"8":{"start":{"line":28,"column":25},"end":{"line":28,"column":null}},"9":{"start":{"line":29,"column":20},"end":{"line":29,"column":null}},"10":{"start":{"line":30,"column":8},"end":{"line":30,"column":null}},"11":{"start":{"line":32,"column":8},"end":{"line":32,"column":null}},"12":{"start":{"line":36,"column":20},"end":{"line":39,"column":null}},"13":{"start":{"line":40,"column":4},"end":{"line":51,"column":null}},"14":{"start":{"line":41,"column":23},"end":{"line":41,"column":null}},"15":{"start":{"line":42,"column":22},"end":{"line":42,"column":null}},"16":{"start":{"line":43,"column":22},"end":{"line":43,"column":null}},"17":{"start":{"line":44,"column":6},"end":{"line":50,"column":null}},"18":{"start":{"line":45,"column":25},"end":{"line":45,"column":null}},"19":{"start":{"line":46,"column":8},"end":{"line":48,"column":null}},"20":{"start":{"line":47,"column":10},"end":{"line":47,"column":null}},"21":{"start":{"line":49,"column":8},"end":{"line":49,"column":null}},"22":{"start":{"line":58,"column":17},"end":{"line":58,"column":null}},"23":{"start":{"line":59,"column":4},"end":{"line":59,"column":null}},"24":{"start":{"line":59,"column":15},"end":{"line":59,"column":null}},"25":{"start":{"line":61,"column":4},"end":{"line":61,"column":null}},"26":{"start":{"line":61,"column":43},"end":{"line":61,"column":null}},"27":{"start":{"line":63,"column":18},"end":{"line":63,"column":null}},"28":{"start":{"line":65,"column":4},"end":{"line":69,"column":null}},"29":{"start":{"line":66,"column":6},"end":{"line":68,"column":null}},"30":{"start":{"line":67,"column":8},"end":{"line":67,"column":null}},"31":{"start":{"line":70,"column":4},"end":{"line":70,"column":null}},"32":{"start":{"line":77,"column":17},"end":{"line":77,"column":null}},"33":{"start":{"line":78,"column":4},"end":{"line":78,"column":null}},"34":{"start":{"line":78,"column":15},"end":{"line":78,"column":null}},"35":{"start":{"line":80,"column":28},"end":{"line":80,"column":null}},"36":{"start":{"line":82,"column":4},"end":{"line":88,"column":null}},"37":{"start":{"line":83,"column":6},"end":{"line":87,"column":null}},"38":{"start":{"line":84,"column":8},"end":{"line":86,"column":null}},"39":{"start":{"line":85,"column":10},"end":{"line":85,"column":null}},"40":{"start":{"line":90,"column":4},"end":{"line":92,"column":null}},"41":{"start":{"line":91,"column":6},"end":{"line":91,"column":null}},"42":{"start":{"line":94,"column":32},"end":{"line":94,"column":null}},"43":{"start":{"line":95,"column":4},"end":{"line":101,"column":null}},"44":{"start":{"line":96,"column":6},"end":{"line":100,"column":null}},"45":{"start":{"line":97,"column":8},"end":{"line":99,"column":null}},"46":{"start":{"line":98,"column":10},"end":{"line":98,"column":null}},"47":{"start":{"line":103,"column":4},"end":{"line":111,"column":null}},"48":{"start":{"line":119,"column":13},"end":{"line":119,"column":null}},"49":{"start":{"line":120,"column":4},"end":{"line":121,"column":null}},"50":{"start":{"line":122,"column":4},"end":{"line":122,"column":null}},"51":{"start":{"line":123,"column":4},"end":{"line":123,"column":null}},"52":{"start":{"line":124,"column":4},"end":{"line":124,"column":null}},"53":{"start":{"line":127,"column":4},"end":{"line":144,"column":null}},"54":{"start":{"line":128,"column":20},"end":{"line":128,"column":null}},"55":{"start":{"line":130,"column":8},"end":{"line":130,"column":null}},"56":{"start":{"line":133,"column":6},"end":{"line":139,"column":null}},"57":{"start":{"line":134,"column":8},"end":{"line":134,"column":null}},"58":{"start":{"line":135,"column":13},"end":{"line":139,"column":null}},"59":{"start":{"line":136,"column":8},"end":{"line":136,"column":null}},"60":{"start":{"line":137,"column":13},"end":{"line":139,"column":null}},"61":{"start":{"line":138,"column":8},"end":{"line":138,"column":null}},"62":{"start":{"line":142,"column":6},"end":{"line":142,"column":null}},"63":{"start":{"line":143,"column":6},"end":{"line":143,"column":null}},"64":{"start":{"line":147,"column":4},"end":{"line":155,"column":null}},"65":{"start":{"line":148,"column":6},"end":{"line":154,"column":null}},"66":{"start":{"line":149,"column":8},"end":{"line":153,"column":null}},"67":{"start":{"line":150,"column":10},"end":{"line":152,"column":null}},"68":{"start":{"line":151,"column":12},"end":{"line":151,"column":null}},"69":{"start":{"line":157,"column":4},"end":{"line":157,"column":null}},"70":{"start":{"line":158,"column":4},"end":{"line":158,"column":null}},"71":{"start":{"line":160,"column":4},"end":{"line":176,"column":null}},"72":{"start":{"line":161,"column":20},"end":{"line":161,"column":null}},"73":{"start":{"line":162,"column":6},"end":{"line":162,"column":null}},"74":{"start":{"line":163,"column":6},"end":{"line":163,"column":null}},"75":{"start":{"line":164,"column":6},"end":{"line":164,"column":null}},"76":{"start":{"line":165,"column":6},"end":{"line":165,"column":null}},"77":{"start":{"line":166,"column":6},"end":{"line":168,"column":null}},"78":{"start":{"line":167,"column":8},"end":{"line":167,"column":null}},"79":{"start":{"line":169,"column":6},"end":{"line":171,"column":null}},"80":{"start":{"line":170,"column":8},"end":{"line":170,"column":null}},"81":{"start":{"line":172,"column":6},"end":{"line":174,"column":null}},"82":{"start":{"line":173,"column":8},"end":{"line":173,"column":null}},"83":{"start":{"line":175,"column":6},"end":{"line":175,"column":null}},"84":{"start":{"line":178,"column":4},"end":{"line":178,"column":null}},"85":{"start":{"line":185,"column":13},"end":{"line":185,"column":null}},"86":{"start":{"line":186,"column":4},"end":{"line":186,"column":null}},"87":{"start":{"line":187,"column":4},"end":{"line":187,"column":null}},"88":{"start":{"line":188,"column":4},"end":{"line":188,"column":null}},"89":{"start":{"line":191,"column":4},"end":{"line":206,"column":null}},"90":{"start":{"line":192,"column":25},"end":{"line":192,"column":null}},"91":{"start":{"line":193,"column":21},"end":{"line":193,"column":null}},"92":{"start":{"line":195,"column":21},"end":{"line":195,"column":null}},"93":{"start":{"line":197,"column":18},"end":{"line":197,"column":null}},"94":{"start":{"line":198,"column":6},"end":{"line":200,"column":null}},"95":{"start":{"line":199,"column":8},"end":{"line":199,"column":null}},"96":{"start":{"line":202,"column":20},"end":{"line":202,"column":null}},"97":{"start":{"line":204,"column":6},"end":{"line":204,"column":null}},"98":{"start":{"line":205,"column":6},"end":{"line":205,"column":null}},"99":{"start":{"line":209,"column":4},"end":{"line":217,"column":null}},"100":{"start":{"line":210,"column":6},"end":{"line":216,"column":null}},"101":{"start":{"line":211,"column":8},"end":{"line":215,"column":null}},"102":{"start":{"line":212,"column":10},"end":{"line":214,"column":null}},"103":{"start":{"line":213,"column":12},"end":{"line":213,"column":null}},"104":{"start":{"line":219,"column":4},"end":{"line":219,"column":null}},"105":{"start":{"line":220,"column":4},"end":{"line":220,"column":null}},"106":{"start":{"line":222,"column":24},"end":{"line":226,"column":null}},"107":{"start":{"line":223,"column":21},"end":{"line":223,"column":null}},"108":{"start":{"line":224,"column":21},"end":{"line":224,"column":null}},"109":{"start":{"line":225,"column":6},"end":{"line":225,"column":null}},"110":{"start":{"line":228,"column":4},"end":{"line":232,"column":null}},"111":{"start":{"line":228,"column":17},"end":{"line":228,"column":20}},"112":{"start":{"line":229,"column":17},"end":{"line":229,"column":null}},"113":{"start":{"line":230,"column":20},"end":{"line":230,"column":null}},"114":{"start":{"line":231,"column":6},"end":{"line":231,"column":null}},"115":{"start":{"line":234,"column":4},"end":{"line":234,"column":null}}},"fnMap":{"0":{"name":"constructor","decl":{"start":{"line":11,"column":2},"end":{"line":11,"column":14}},"loc":{"start":{"line":11,"column":31},"end":{"line":13,"column":null}},"line":11},"1":{"name":"scan","decl":{"start":{"line":18,"column":15},"end":{"line":18,"column":37}},"loc":{"start":{"line":18,"column":37},"end":{"line":52,"column":null}},"line":18},"2":{"name":"getRollupState","decl":{"start":{"line":57,"column":2},"end":{"line":57,"column":9}},"loc":{"start":{"line":57,"column":59},"end":{"line":71,"column":null}},"line":57},"3":{"name":"resolveContext","decl":{"start":{"line":76,"column":2},"end":{"line":76,"column":9}},"loc":{"start":{"line":76,"column":61},"end":{"line":112,"column":null}},"line":76},"4":{"name":"generateArchitectureMap","decl":{"start":{"line":118,"column":2},"end":{"line":118,"column":9}},"loc":{"start":{"line":118,"column":43},"end":{"line":179,"column":null}},"line":118},"5":{"name":"generateGravityMap","decl":{"start":{"line":184,"column":2},"end":{"line":184,"column":9}},"loc":{"start":{"line":184,"column":38},"end":{"line":235,"column":null}},"line":184},"6":{"name":"(anonymous_6)","decl":{"start":{"line":222,"column":54},"end":{"line":222,"column":60}},"loc":{"start":{"line":222,"column":69},"end":{"line":226,"column":5}},"line":222}},"branchMap":{"0":{"loc":{"start":{"line":46,"column":8},"end":{"line":48,"column":null}},"type":"if","locations":[{"start":{"line":46,"column":8},"end":{"line":48,"column":null}},{"start":{},"end":{}}],"line":46},"1":{"loc":{"start":{"line":59,"column":4},"end":{"line":59,"column":null}},"type":"if","locations":[{"start":{"line":59,"column":4},"end":{"line":59,"column":null}},{"start":{},"end":{}}],"line":59},"2":{"loc":{"start":{"line":61,"column":4},"end":{"line":61,"column":null}},"type":"if","locations":[{"start":{"line":61,"column":4},"end":{"line":61,"column":null}},{"start":{},"end":{}}],"line":61},"3":{"loc":{"start":{"line":66,"column":6},"end":{"line":68,"column":null}},"type":"if","locations":[{"start":{"line":66,"column":6},"end":{"line":68,"column":null}},{"start":{},"end":{}}],"line":66},"4":{"loc":{"start":{"line":66,"column":10},"end":{"line":66,"column":86}},"type":"binary-expr","locations":[{"start":{"line":66,"column":10},"end":{"line":66,"column":51}},{"start":{"line":66,"column":51},"end":{"line":66,"column":86}}],"line":66},"5":{"loc":{"start":{"line":78,"column":4},"end":{"line":78,"column":null}},"type":"if","locations":[{"start":{"line":78,"column":4},"end":{"line":78,"column":null}},{"start":{},"end":{}}],"line":78},"6":{"loc":{"start":{"line":82,"column":4},"end":{"line":88,"column":null}},"type":"if","locations":[{"start":{"line":82,"column":4},"end":{"line":88,"column":null}},{"start":{},"end":{}}],"line":82},"7":{"loc":{"start":{"line":90,"column":4},"end":{"line":92,"column":null}},"type":"if","locations":[{"start":{"line":90,"column":4},"end":{"line":92,"column":null}},{"start":{},"end":{}}],"line":90},"8":{"loc":{"start":{"line":95,"column":4},"end":{"line":101,"column":null}},"type":"if","locations":[{"start":{"line":95,"column":4},"end":{"line":101,"column":null}},{"start":{},"end":{}}],"line":95},"9":{"loc":{"start":{"line":97,"column":8},"end":{"line":99,"column":null}},"type":"if","locations":[{"start":{"line":97,"column":8},"end":{"line":99,"column":null}},{"start":{},"end":{}}],"line":97},"10":{"loc":{"start":{"line":106,"column":13},"end":{"line":106,"column":null}},"type":"binary-expr","locations":[{"start":{"line":106,"column":13},"end":{"line":106,"column":36}},{"start":{"line":106,"column":36},"end":{"line":106,"column":null}}],"line":106},"11":{"loc":{"start":{"line":130,"column":8},"end":{"line":130,"column":null}},"type":"cond-expr","locations":[{"start":{"line":130,"column":30},"end":{"line":130,"column":66}},{"start":{"line":130,"column":66},"end":{"line":130,"column":null}}],"line":130},"12":{"loc":{"start":{"line":133,"column":6},"end":{"line":139,"column":null}},"type":"if","locations":[{"start":{"line":133,"column":6},"end":{"line":139,"column":null}},{"start":{"line":135,"column":13},"end":{"line":139,"column":null}}],"line":133},"13":{"loc":{"start":{"line":135,"column":13},"end":{"line":139,"column":null}},"type":"if","locations":[{"start":{"line":135,"column":13},"end":{"line":139,"column":null}},{"start":{"line":137,"column":13},"end":{"line":139,"column":null}}],"line":135},"14":{"loc":{"start":{"line":137,"column":13},"end":{"line":139,"column":null}},"type":"if","locations":[{"start":{"line":137,"column":13},"end":{"line":139,"column":null}},{"start":{},"end":{}}],"line":137},"15":{"loc":{"start":{"line":142,"column":31},"end":{"line":142,"column":69}},"type":"binary-expr","locations":[{"start":{"line":142,"column":31},"end":{"line":142,"column":59}},{"start":{"line":142,"column":59},"end":{"line":142,"column":69}}],"line":142},"16":{"loc":{"start":{"line":148,"column":6},"end":{"line":154,"column":null}},"type":"if","locations":[{"start":{"line":148,"column":6},"end":{"line":154,"column":null}},{"start":{},"end":{}}],"line":148},"17":{"loc":{"start":{"line":150,"column":10},"end":{"line":152,"column":null}},"type":"if","locations":[{"start":{"line":150,"column":10},"end":{"line":152,"column":null}},{"start":{},"end":{}}],"line":150},"18":{"loc":{"start":{"line":164,"column":47},"end":{"line":164,"column":81}},"type":"binary-expr","locations":[{"start":{"line":164,"column":47},"end":{"line":164,"column":75}},{"start":{"line":164,"column":75},"end":{"line":164,"column":81}}],"line":164},"19":{"loc":{"start":{"line":166,"column":6},"end":{"line":168,"column":null}},"type":"if","locations":[{"start":{"line":166,"column":6},"end":{"line":168,"column":null}},{"start":{},"end":{}}],"line":166},"20":{"loc":{"start":{"line":169,"column":6},"end":{"line":171,"column":null}},"type":"if","locations":[{"start":{"line":169,"column":6},"end":{"line":171,"column":null}},{"start":{},"end":{}}],"line":169},"21":{"loc":{"start":{"line":169,"column":10},"end":{"line":169,"column":63}},"type":"binary-expr","locations":[{"start":{"line":169,"column":10},"end":{"line":169,"column":32}},{"start":{"line":169,"column":32},"end":{"line":169,"column":63}}],"line":169},"22":{"loc":{"start":{"line":172,"column":6},"end":{"line":174,"column":null}},"type":"if","locations":[{"start":{"line":172,"column":6},"end":{"line":174,"column":null}},{"start":{},"end":{}}],"line":172},"23":{"loc":{"start":{"line":172,"column":10},"end":{"line":172,"column":65}},"type":"binary-expr","locations":[{"start":{"line":172,"column":10},"end":{"line":172,"column":33}},{"start":{"line":172,"column":33},"end":{"line":172,"column":65}}],"line":172},"24":{"loc":{"start":{"line":192,"column":25},"end":{"line":192,"column":null}},"type":"cond-expr","locations":[{"start":{"line":192,"column":53},"end":{"line":192,"column":89}},{"start":{"line":192,"column":89},"end":{"line":192,"column":null}}],"line":192},"25":{"loc":{"start":{"line":193,"column":21},"end":{"line":193,"column":null}},"type":"binary-expr","locations":[{"start":{"line":193,"column":21},"end":{"line":193,"column":64}},{"start":{"line":193,"column":64},"end":{"line":193,"column":null}}],"line":193},"26":{"loc":{"start":{"line":197,"column":18},"end":{"line":197,"column":null}},"type":"cond-expr","locations":[{"start":{"line":197,"column":27},"end":{"line":197,"column":39}},{"start":{"line":197,"column":39},"end":{"line":197,"column":null}}],"line":197},"27":{"loc":{"start":{"line":198,"column":6},"end":{"line":200,"column":null}},"type":"if","locations":[{"start":{"line":198,"column":6},"end":{"line":200,"column":null}},{"start":{},"end":{}}],"line":198},"28":{"loc":{"start":{"line":202,"column":69},"end":{"line":202,"column":null}},"type":"cond-expr","locations":[{"start":{"line":202,"column":86},"end":{"line":202,"column":98}},{"start":{"line":202,"column":98},"end":{"line":202,"column":null}}],"line":202},"29":{"loc":{"start":{"line":210,"column":6},"end":{"line":216,"column":null}},"type":"if","locations":[{"start":{"line":210,"column":6},"end":{"line":216,"column":null}},{"start":{},"end":{}}],"line":210},"30":{"loc":{"start":{"line":212,"column":10},"end":{"line":214,"column":null}},"type":"if","locations":[{"start":{"line":212,"column":10},"end":{"line":214,"column":null}},{"start":{},"end":{}}],"line":212},"31":{"loc":{"start":{"line":223,"column":21},"end":{"line":223,"column":null}},"type":"cond-expr","locations":[{"start":{"line":223,"column":48},"end":{"line":223,"column":83}},{"start":{"line":223,"column":83},"end":{"line":223,"column":null}}],"line":223},"32":{"loc":{"start":{"line":224,"column":21},"end":{"line":224,"column":null}},"type":"cond-expr","locations":[{"start":{"line":224,"column":48},"end":{"line":224,"column":83}},{"start":{"line":224,"column":83},"end":{"line":224,"column":null}}],"line":224},"33":{"loc":{"start":{"line":230,"column":20},"end":{"line":230,"column":null}},"type":"cond-expr","locations":[{"start":{"line":230,"column":48},"end":{"line":230,"column":84}},{"start":{"line":230,"column":84},"end":{"line":230,"column":null}}],"line":230}},"s":{"0":2,"1":2,"2":2,"3":1,"4":1,"5":1,"6":1,"7":1,"8":1,"9":1,"10":1,"11":0,"12":1,"13":1,"14":0,"15":0,"16":0,"17":0,"18":0,"19":0,"20":0,"21":0,"22":1,"23":1,"24":0,"25":1,"26":1,"27":0,"28":0,"29":0,"30":0,"31":0,"32":1,"33":1,"34":0,"35":1,"36":1,"37":0,"38":0,"39":0,"40":1,"41":0,"42":1,"43":1,"44":0,"45":0,"46":0,"47":1,"48":0,"49":0,"50":0,"51":0,"52":0,"53":0,"54":0,"55":0,"56":0,"57":0,"58":0,"59":0,"60":0,"61":0,"62":0,"63":0,"64":0,"65":0,"66":0,"67":0,"68":0,"69":0,"70":0,"71":0,"72":0,"73":0,"74":0,"75":0,"76":0,"77":0,"78":0,"79":0,"80":0,"81":0,"82":0,"83":0,"84":0,"85":0,"86":0,"87":0,"88":0,"89":0,"90":0,"91":0,"92":0,"93":0,"94":0,"95":0,"96":0,"97":0,"98":0,"99":0,"100":0,"101":0,"102":0,"103":0,"104":0,"105":0,"106":0,"107":0,"108":0,"109":0,"110":0,"111":0,"112":0,"113":0,"114":0,"115":0},"f":{"0":2,"1":1,"2":1,"3":1,"4":0,"5":0,"6":0},"b":{"0":[0,0],"1":[0,1],"2":[1,0],"3":[0,0],"4":[0,0],"5":[0,1],"6":[0,1],"7":[0,1],"8":[0,1],"9":[0,0],"10":[1,0],"11":[0,0],"12":[0,0],"13":[0,0],"14":[0,0],"15":[0,0],"16":[0,0],"17":[0,0],"18":[0,0],"19":[0,0],"20":[0,0],"21":[0,0],"22":[0,0],"23":[0,0],"24":[0,0],"25":[0,0],"26":[0,0],"27":[0,0],"28":[0,0],"29":[0,0],"30":[0,0],"31":[0,0],"32":[0,0],"33":[0,0]},"meta":{"lastBranch":34,"lastFunction":7,"lastStatement":116,"seen":{"f:11:2:11:14":0,"s:8:75:8:Infinity":0,"s:9:48:9:Infinity":1,"s:12:4:12:Infinity":2,"f:18:15:18:37":1,"s:19:22:22:Infinity":3,"s:24:4:34:Infinity":4,"s:25:23:25:Infinity":5,"s:26:22:26:Infinity":6,"s:27:6:33:Infinity":7,"s:28:25:28:Infinity":8,"s:29:20:29:Infinity":9,"s:30:8:30:Infinity":10,"s:32:8:32:Infinity":11,"s:36:20:39:Infinity":12,"s:40:4:51:Infinity":13,"s:41:23:41:Infinity":14,"s:42:22:42:Infinity":15,"s:43:22:43:Infinity":16,"s:44:6:50:Infinity":17,"s:45:25:45:Infinity":18,"b:46:8:48:Infinity:undefined:undefined:undefined:undefined":0,"s:46:8:48:Infinity":19,"s:47:10:47:Infinity":20,"s:49:8:49:Infinity":21,"f:57:2:57:9":2,"s:58:17:58:Infinity":22,"b:59:4:59:Infinity:undefined:undefined:undefined:undefined":1,"s:59:4:59:Infinity":23,"s:59:15:59:Infinity":24,"b:61:4:61:Infinity:undefined:undefined:undefined:undefined":2,"s:61:4:61:Infinity":25,"s:61:43:61:Infinity":26,"s:63:18:63:Infinity":27,"s:65:4:69:Infinity":28,"b:66:6:68:Infinity:undefined:undefined:undefined:undefined":3,"s:66:6:68:Infinity":29,"b:66:10:66:51:66:51:66:86":4,"s:67:8:67:Infinity":30,"s:70:4:70:Infinity":31,"f:76:2:76:9":3,"s:77:17:77:Infinity":32,"b:78:4:78:Infinity:undefined:undefined:undefined:undefined":5,"s:78:4:78:Infinity":33,"s:78:15:78:Infinity":34,"s:80:28:80:Infinity":35,"b:82:4:88:Infinity:undefined:undefined:undefined:undefined":6,"s:82:4:88:Infinity":36,"s:83:6:87:Infinity":37,"s:84:8:86:Infinity":38,"s:85:10:85:Infinity":39,"b:90:4:92:Infinity:undefined:undefined:undefined:undefined":7,"s:90:4:92:Infinity":40,"s:91:6:91:Infinity":41,"s:94:32:94:Infinity":42,"b:95:4:101:Infinity:undefined:undefined:undefined:undefined":8,"s:95:4:101:Infinity":43,"s:96:6:100:Infinity":44,"b:97:8:99:Infinity:undefined:undefined:undefined:undefined":9,"s:97:8:99:Infinity":45,"s:98:10:98:Infinity":46,"s:103:4:111:Infinity":47,"b:106:13:106:36:106:36:106:Infinity":10,"f:118:2:118:9":4,"s:119:13:119:Infinity":48,"s:120:4:121:Infinity":49,"s:122:4:122:Infinity":50,"s:123:4:123:Infinity":51,"s:124:4:124:Infinity":52,"s:127:4:144:Infinity":53,"s:128:20:128:Infinity":54,"s:130:8:130:Infinity":55,"b:130:30:130:66:130:66:130:Infinity":11,"b:133:6:139:Infinity:135:13:139:Infinity":12,"s:133:6:139:Infinity":56,"s:134:8:134:Infinity":57,"b:135:13:139:Infinity:137:13:139:Infinity":13,"s:135:13:139:Infinity":58,"s:136:8:136:Infinity":59,"b:137:13:139:Infinity:undefined:undefined:undefined:undefined":14,"s:137:13:139:Infinity":60,"s:138:8:138:Infinity":61,"s:142:6:142:Infinity":62,"b:142:31:142:59:142:59:142:69":15,"s:143:6:143:Infinity":63,"s:147:4:155:Infinity":64,"b:148:6:154:Infinity:undefined:undefined:undefined:undefined":16,"s:148:6:154:Infinity":65,"s:149:8:153:Infinity":66,"b:150:10:152:Infinity:undefined:undefined:undefined:undefined":17,"s:150:10:152:Infinity":67,"s:151:12:151:Infinity":68,"s:157:4:157:Infinity":69,"s:158:4:158:Infinity":70,"s:160:4:176:Infinity":71,"s:161:20:161:Infinity":72,"s:162:6:162:Infinity":73,"s:163:6:163:Infinity":74,"s:164:6:164:Infinity":75,"b:164:47:164:75:164:75:164:81":18,"s:165:6:165:Infinity":76,"b:166:6:168:Infinity:undefined:undefined:undefined:undefined":19,"s:166:6:168:Infinity":77,"s:167:8:167:Infinity":78,"b:169:6:171:Infinity:undefined:undefined:undefined:undefined":20,"s:169:6:171:Infinity":79,"b:169:10:169:32:169:32:169:63":21,"s:170:8:170:Infinity":80,"b:172:6:174:Infinity:undefined:undefined:undefined:undefined":22,"s:172:6:174:Infinity":81,"b:172:10:172:33:172:33:172:65":23,"s:173:8:173:Infinity":82,"s:175:6:175:Infinity":83,"s:178:4:178:Infinity":84,"f:184:2:184:9":5,"s:185:13:185:Infinity":85,"s:186:4:186:Infinity":86,"s:187:4:187:Infinity":87,"s:188:4:188:Infinity":88,"s:191:4:206:Infinity":89,"s:192:25:192:Infinity":90,"b:192:53:192:89:192:89:192:Infinity":24,"s:193:21:193:Infinity":91,"b:193:21:193:64:193:64:193:Infinity":25,"s:195:21:195:Infinity":92,"s:197:18:197:Infinity":93,"b:197:27:197:39:197:39:197:Infinity":26,"b:198:6:200:Infinity:undefined:undefined:undefined:undefined":27,"s:198:6:200:Infinity":94,"s:199:8:199:Infinity":95,"s:202:20:202:Infinity":96,"b:202:86:202:98:202:98:202:Infinity":28,"s:204:6:204:Infinity":97,"s:205:6:205:Infinity":98,"s:209:4:217:Infinity":99,"b:210:6:216:Infinity:undefined:undefined:undefined:undefined":29,"s:210:6:216:Infinity":100,"s:211:8:215:Infinity":101,"b:212:10:214:Infinity:undefined:undefined:undefined:undefined":30,"s:212:10:214:Infinity":102,"s:213:12:213:Infinity":103,"s:219:4:219:Infinity":104,"s:220:4:220:Infinity":105,"s:222:24:226:Infinity":106,"f:222:54:222:60":6,"s:223:21:223:Infinity":107,"b:223:48:223:83:223:83:223:Infinity":31,"s:224:21:224:Infinity":108,"b:224:48:224:83:224:83:224:Infinity":32,"s:225:6:225:Infinity":109,"s:228:4:232:Infinity":110,"s:228:17:228:20":111,"s:229:17:229:Infinity":112,"s:230:20:230:Infinity":113,"b:230:48:230:84:230:84:230:Infinity":33,"s:231:6:231:Infinity":114,"s:234:4:234:Infinity":115},"fnNames":{}}}
,"/Users/messingtomas/Projekty/antigravity/src/refactor.ts": {"path":"/Users/messingtomas/Projekty/antigravity/src/refactor.ts","statementMap":{"0":{"start":{"line":11,"column":4},"end":{"line":11,"column":null}},"1":{"start":{"line":15,"column":27},"end":{"line":15,"column":null}},"2":{"start":{"line":16,"column":34},"end":{"line":16,"column":null}},"3":{"start":{"line":17,"column":46},"end":{"line":17,"column":null}},"4":{"start":{"line":18,"column":42},"end":{"line":18,"column":null}},"5":{"start":{"line":21,"column":22},"end":{"line":24,"column":null}},"6":{"start":{"line":25,"column":4},"end":{"line":36,"column":null}},"7":{"start":{"line":26,"column":23},"end":{"line":26,"column":null}},"8":{"start":{"line":27,"column":6},"end":{"line":35,"column":null}},"9":{"start":{"line":28,"column":25},"end":{"line":28,"column":null}},"10":{"start":{"line":29,"column":8},"end":{"line":34,"column":null}},"11":{"start":{"line":30,"column":10},"end":{"line":30,"column":null}},"12":{"start":{"line":31,"column":10},"end":{"line":31,"column":null}},"13":{"start":{"line":32,"column":10},"end":{"line":32,"column":null}},"14":{"start":{"line":33,"column":10},"end":{"line":33,"column":null}},"15":{"start":{"line":38,"column":4},"end":{"line":40,"column":null}},"16":{"start":{"line":39,"column":6},"end":{"line":39,"column":null}},"17":{"start":{"line":42,"column":4},"end":{"line":42,"column":null}},"18":{"start":{"line":44,"column":19},"end":{"line":44,"column":null}},"19":{"start":{"line":45,"column":4},"end":{"line":48,"column":null}},"20":{"start":{"line":46,"column":6},"end":{"line":46,"column":null}},"21":{"start":{"line":47,"column":6},"end":{"line":47,"column":null}},"22":{"start":{"line":51,"column":20},"end":{"line":54,"column":null}},"23":{"start":{"line":55,"column":4},"end":{"line":61,"column":null}},"24":{"start":{"line":56,"column":23},"end":{"line":56,"column":null}},"25":{"start":{"line":57,"column":22},"end":{"line":57,"column":null}},"26":{"start":{"line":58,"column":6},"end":{"line":60,"column":null}},"27":{"start":{"line":59,"column":8},"end":{"line":59,"column":null}},"28":{"start":{"line":64,"column":4},"end":{"line":74,"column":null}},"29":{"start":{"line":65,"column":23},"end":{"line":65,"column":null}},"30":{"start":{"line":66,"column":6},"end":{"line":66,"column":null}},"31":{"start":{"line":66,"column":41},"end":{"line":66,"column":null}},"32":{"start":{"line":68,"column":6},"end":{"line":73,"column":null}},"33":{"start":{"line":69,"column":25},"end":{"line":69,"column":null}},"34":{"start":{"line":70,"column":8},"end":{"line":72,"column":null}},"35":{"start":{"line":71,"column":10},"end":{"line":71,"column":null}},"36":{"start":{"line":76,"column":4},"end":{"line":76,"column":null}},"37":{"start":{"line":80,"column":17},"end":{"line":80,"column":null}},"38":{"start":{"line":81,"column":4},"end":{"line":81,"column":null}},"39":{"start":{"line":83,"column":4},"end":{"line":118,"column":null}},"40":{"start":{"line":84,"column":6},"end":{"line":84,"column":null}},"41":{"start":{"line":85,"column":6},"end":{"line":117,"column":null}},"42":{"start":{"line":86,"column":21},"end":{"line":86,"column":null}},"43":{"start":{"line":87,"column":25},"end":{"line":87,"column":null}},"44":{"start":{"line":88,"column":8},"end":{"line":88,"column":null}},"45":{"start":{"line":90,"column":8},"end":{"line":97,"column":null}},"46":{"start":{"line":91,"column":25},"end":{"line":91,"column":null}},"47":{"start":{"line":92,"column":11},"end":{"line":96,"column":null}},"48":{"start":{"line":93,"column":13},"end":{"line":93,"column":null}},"49":{"start":{"line":94,"column":18},"end":{"line":96,"column":null}},"50":{"start":{"line":95,"column":13},"end":{"line":95,"column":null}},"51":{"start":{"line":98,"column":8},"end":{"line":98,"column":null}},"52":{"start":{"line":99,"column":13},"end":{"line":117,"column":null}},"53":{"start":{"line":100,"column":22},"end":{"line":100,"column":null}},"54":{"start":{"line":101,"column":23},"end":{"line":101,"column":null}},"55":{"start":{"line":102,"column":23},"end":{"line":102,"column":null}},"56":{"start":{"line":103,"column":8},"end":{"line":103,"column":null}},"57":{"start":{"line":104,"column":8},"end":{"line":104,"column":null}},"58":{"start":{"line":105,"column":13},"end":{"line":117,"column":null}},"59":{"start":{"line":106,"column":21},"end":{"line":106,"column":null}},"60":{"start":{"line":107,"column":22},"end":{"line":107,"column":null}},"61":{"start":{"line":108,"column":8},"end":{"line":108,"column":null}},"62":{"start":{"line":109,"column":8},"end":{"line":109,"column":null}},"63":{"start":{"line":110,"column":13},"end":{"line":117,"column":null}},"64":{"start":{"line":111,"column":21},"end":{"line":111,"column":null}},"65":{"start":{"line":112,"column":25},"end":{"line":112,"column":null}},"66":{"start":{"line":113,"column":8},"end":{"line":115,"column":null}},"67":{"start":{"line":114,"column":10},"end":{"line":114,"column":null}},"68":{"start":{"line":114,"column":61},"end":{"line":114,"column":84}},"69":{"start":{"line":116,"column":8},"end":{"line":116,"column":null}},"70":{"start":{"line":120,"column":4},"end":{"line":120,"column":null}}},"fnMap":{"0":{"name":"constructor","decl":{"start":{"line":10,"column":2},"end":{"line":10,"column":14}},"loc":{"start":{"line":10,"column":31},"end":{"line":12,"column":null}},"line":10},"1":{"name":"planRename","decl":{"start":{"line":14,"column":15},"end":{"line":14,"column":26}},"loc":{"start":{"line":14,"column":93},"end":{"line":77,"column":null}},"line":14},"2":{"name":"executeRename","decl":{"start":{"line":79,"column":15},"end":{"line":79,"column":29}},"loc":{"start":{"line":79,"column":92},"end":{"line":121,"column":null}},"line":79},"3":{"name":"(anonymous_3)","decl":{"start":{"line":114,"column":42},"end":{"line":114,"column":47}},"loc":{"start":{"line":114,"column":61},"end":{"line":114,"column":84}},"line":114}},"branchMap":{"0":{"loc":{"start":{"line":29,"column":8},"end":{"line":34,"column":null}},"type":"if","locations":[{"start":{"line":29,"column":8},"end":{"line":34,"column":null}},{"start":{},"end":{}}],"line":29},"1":{"loc":{"start":{"line":38,"column":4},"end":{"line":40,"column":null}},"type":"if","locations":[{"start":{"line":38,"column":4},"end":{"line":40,"column":null}},{"start":{},"end":{}}],"line":38},"2":{"loc":{"start":{"line":38,"column":8},"end":{"line":38,"column":57}},"type":"binary-expr","locations":[{"start":{"line":38,"column":8},"end":{"line":38,"column":21}},{"start":{"line":38,"column":21},"end":{"line":38,"column":38}},{"start":{"line":38,"column":38},"end":{"line":38,"column":57}}],"line":38},"3":{"loc":{"start":{"line":45,"column":4},"end":{"line":48,"column":null}},"type":"if","locations":[{"start":{"line":45,"column":4},"end":{"line":48,"column":null}},{"start":{},"end":{}}],"line":45},"4":{"loc":{"start":{"line":58,"column":6},"end":{"line":60,"column":null}},"type":"if","locations":[{"start":{"line":58,"column":6},"end":{"line":60,"column":null}},{"start":{},"end":{}}],"line":58},"5":{"loc":{"start":{"line":66,"column":6},"end":{"line":66,"column":null}},"type":"if","locations":[{"start":{"line":66,"column":6},"end":{"line":66,"column":null}},{"start":{},"end":{}}],"line":66},"6":{"loc":{"start":{"line":70,"column":8},"end":{"line":72,"column":null}},"type":"if","locations":[{"start":{"line":70,"column":8},"end":{"line":72,"column":null}},{"start":{},"end":{}}],"line":70},"7":{"loc":{"start":{"line":70,"column":12},"end":{"line":70,"column":62}},"type":"binary-expr","locations":[{"start":{"line":70,"column":12},"end":{"line":70,"column":30}},{"start":{"line":70,"column":30},"end":{"line":70,"column":62}}],"line":70},"8":{"loc":{"start":{"line":85,"column":6},"end":{"line":117,"column":null}},"type":"if","locations":[{"start":{"line":85,"column":6},"end":{"line":117,"column":null}},{"start":{"line":99,"column":13},"end":{"line":117,"column":null}}],"line":85},"9":{"loc":{"start":{"line":90,"column":8},"end":{"line":97,"column":null}},"type":"if","locations":[{"start":{"line":90,"column":8},"end":{"line":97,"column":null}},{"start":{},"end":{}}],"line":90},"10":{"loc":{"start":{"line":92,"column":11},"end":{"line":96,"column":null}},"type":"if","locations":[{"start":{"line":92,"column":11},"end":{"line":96,"column":null}},{"start":{"line":94,"column":18},"end":{"line":96,"column":null}}],"line":92},"11":{"loc":{"start":{"line":92,"column":15},"end":{"line":92,"column":106}},"type":"binary-expr","locations":[{"start":{"line":92,"column":15},"end":{"line":92,"column":35}},{"start":{"line":92,"column":35},"end":{"line":92,"column":106}}],"line":92},"12":{"loc":{"start":{"line":94,"column":18},"end":{"line":96,"column":null}},"type":"if","locations":[{"start":{"line":94,"column":18},"end":{"line":96,"column":null}},{"start":{},"end":{}}],"line":94},"13":{"loc":{"start":{"line":94,"column":22},"end":{"line":94,"column":64}},"type":"binary-expr","locations":[{"start":{"line":94,"column":22},"end":{"line":94,"column":42}},{"start":{"line":94,"column":42},"end":{"line":94,"column":64}}],"line":94},"14":{"loc":{"start":{"line":99,"column":13},"end":{"line":117,"column":null}},"type":"if","locations":[{"start":{"line":99,"column":13},"end":{"line":117,"column":null}},{"start":{"line":105,"column":13},"end":{"line":117,"column":null}}],"line":99},"15":{"loc":{"start":{"line":105,"column":13},"end":{"line":117,"column":null}},"type":"if","locations":[{"start":{"line":105,"column":13},"end":{"line":117,"column":null}},{"start":{"line":110,"column":13},"end":{"line":117,"column":null}}],"line":105},"16":{"loc":{"start":{"line":110,"column":13},"end":{"line":117,"column":null}},"type":"if","locations":[{"start":{"line":110,"column":13},"end":{"line":117,"column":null}},{"start":{},"end":{}}],"line":110},"17":{"loc":{"start":{"line":113,"column":8},"end":{"line":115,"column":null}},"type":"if","locations":[{"start":{"line":113,"column":8},"end":{"line":115,"column":null}},{"start":{},"end":{}}],"line":113},"18":{"loc":{"start":{"line":114,"column":61},"end":{"line":114,"column":84}},"type":"cond-expr","locations":[{"start":{"line":114,"column":75},"end":{"line":114,"column":83}},{"start":{"line":114,"column":83},"end":{"line":114,"column":84}}],"line":114}},"s":{"0":2,"1":2,"2":2,"3":2,"4":2,"5":2,"6":2,"7":3,"8":3,"9":3,"10":3,"11":1,"12":1,"13":1,"14":1,"15":2,"16":1,"17":1,"18":1,"19":1,"20":1,"21":1,"22":1,"23":1,"24":1,"25":1,"26":1,"27":1,"28":1,"29":2,"30":2,"31":1,"32":1,"33":1,"34":1,"35":1,"36":1,"37":0,"38":0,"39":0,"40":0,"41":0,"42":0,"43":0,"44":0,"45":0,"46":0,"47":0,"48":0,"49":0,"50":0,"51":0,"52":0,"53":0,"54":0,"55":0,"56":0,"57":0,"58":0,"59":0,"60":0,"61":0,"62":0,"63":0,"64":0,"65":0,"66":0,"67":0,"68":0,"69":0,"70":0},"f":{"0":2,"1":2,"2":0,"3":0},"b":{"0":[1,2],"1":[1,1],"2":[2,1,1],"3":[1,0],"4":[1,0],"5":[1,1],"6":[1,0],"7":[1,1],"8":[0,0],"9":[0,0],"10":[0,0],"11":[0,0],"12":[0,0],"13":[0,0],"14":[0,0],"15":[0,0],"16":[0,0],"17":[0,0],"18":[0,0]},"meta":{"lastBranch":19,"lastFunction":4,"lastStatement":71,"seen":{"f:10:2:10:14":0,"s:11:4:11:Infinity":0,"f:14:15:14:26":1,"s:15:27:15:Infinity":1,"s:16:34:16:Infinity":2,"s:17:46:17:Infinity":3,"s:18:42:18:Infinity":4,"s:21:22:24:Infinity":5,"s:25:4:36:Infinity":6,"s:26:23:26:Infinity":7,"s:27:6:35:Infinity":8,"s:28:25:28:Infinity":9,"b:29:8:34:Infinity:undefined:undefined:undefined:undefined":0,"s:29:8:34:Infinity":10,"s:30:10:30:Infinity":11,"s:31:10:31:Infinity":12,"s:32:10:32:Infinity":13,"s:33:10:33:Infinity":14,"b:38:4:40:Infinity:undefined:undefined:undefined:undefined":1,"s:38:4:40:Infinity":15,"b:38:8:38:21:38:21:38:38:38:38:38:57":2,"s:39:6:39:Infinity":16,"s:42:4:42:Infinity":17,"s:44:19:44:Infinity":18,"b:45:4:48:Infinity:undefined:undefined:undefined:undefined":3,"s:45:4:48:Infinity":19,"s:46:6:46:Infinity":20,"s:47:6:47:Infinity":21,"s:51:20:54:Infinity":22,"s:55:4:61:Infinity":23,"s:56:23:56:Infinity":24,"s:57:22:57:Infinity":25,"b:58:6:60:Infinity:undefined:undefined:undefined:undefined":4,"s:58:6:60:Infinity":26,"s:59:8:59:Infinity":27,"s:64:4:74:Infinity":28,"s:65:23:65:Infinity":29,"b:66:6:66:Infinity:undefined:undefined:undefined:undefined":5,"s:66:6:66:Infinity":30,"s:66:41:66:Infinity":31,"s:68:6:73:Infinity":32,"s:69:25:69:Infinity":33,"b:70:8:72:Infinity:undefined:undefined:undefined:undefined":6,"s:70:8:72:Infinity":34,"b:70:12:70:30:70:30:70:62":7,"s:71:10:71:Infinity":35,"s:76:4:76:Infinity":36,"f:79:15:79:29":2,"s:80:17:80:Infinity":37,"s:81:4:81:Infinity":38,"s:83:4:118:Infinity":39,"s:84:6:84:Infinity":40,"b:85:6:117:Infinity:99:13:117:Infinity":8,"s:85:6:117:Infinity":41,"s:86:21:86:Infinity":42,"s:87:25:87:Infinity":43,"s:88:8:88:Infinity":44,"b:90:8:97:Infinity:undefined:undefined:undefined:undefined":9,"s:90:8:97:Infinity":45,"s:91:25:91:Infinity":46,"b:92:11:96:Infinity:94:18:96:Infinity":10,"s:92:11:96:Infinity":47,"b:92:15:92:35:92:35:92:106":11,"s:93:13:93:Infinity":48,"b:94:18:96:Infinity:undefined:undefined:undefined:undefined":12,"s:94:18:96:Infinity":49,"b:94:22:94:42:94:42:94:64":13,"s:95:13:95:Infinity":50,"s:98:8:98:Infinity":51,"b:99:13:117:Infinity:105:13:117:Infinity":14,"s:99:13:117:Infinity":52,"s:100:22:100:Infinity":53,"s:101:23:101:Infinity":54,"s:102:23:102:Infinity":55,"s:103:8:103:Infinity":56,"s:104:8:104:Infinity":57,"b:105:13:117:Infinity:110:13:117:Infinity":15,"s:105:13:117:Infinity":58,"s:106:21:106:Infinity":59,"s:107:22:107:Infinity":60,"s:108:8:108:Infinity":61,"s:109:8:109:Infinity":62,"b:110:13:117:Infinity:undefined:undefined:undefined:undefined":16,"s:110:13:117:Infinity":63,"s:111:21:111:Infinity":64,"s:112:25:112:Infinity":65,"b:113:8:115:Infinity:undefined:undefined:undefined:undefined":17,"s:113:8:115:Infinity":66,"s:114:10:114:Infinity":67,"f:114:42:114:47":3,"s:114:61:114:84":68,"b:114:75:114:83:114:83:114:84":18,"s:116:8:116:Infinity":69,"s:120:4:120:Infinity":70},"fnNames":{}}}
,"/Users/messingtomas/Projekty/antigravity/src/scaffold.ts": {"path":"/Users/messingtomas/Projekty/antigravity/src/scaffold.ts","statementMap":{"0":{"start":{"line":9,"column":4},"end":{"line":9,"column":null}},"1":{"start":{"line":13,"column":29},"end":{"line":13,"column":null}},"2":{"start":{"line":14,"column":21},"end":{"line":14,"column":null}},"3":{"start":{"line":17,"column":18},"end":{"line":17,"column":null}},"4":{"start":{"line":18,"column":22},"end":{"line":18,"column":null}},"5":{"start":{"line":19,"column":4},"end":{"line":19,"column":null}},"6":{"start":{"line":22,"column":4},"end":{"line":24,"column":null}},"7":{"start":{"line":23,"column":6},"end":{"line":23,"column":null}},"8":{"start":{"line":25,"column":4},"end":{"line":25,"column":null}},"9":{"start":{"line":26,"column":4},"end":{"line":26,"column":null}},"10":{"start":{"line":29,"column":37},"end":{"line":37,"column":null}},"11":{"start":{"line":38,"column":4},"end":{"line":38,"column":null}},"12":{"start":{"line":39,"column":4},"end":{"line":39,"column":null}},"13":{"start":{"line":42,"column":22},"end":{"line":42,"column":null}},"14":{"start":{"line":43,"column":4},"end":{"line":43,"column":null}},"15":{"start":{"line":44,"column":4},"end":{"line":44,"column":null}},"16":{"start":{"line":47,"column":23},"end":{"line":47,"column":null}},"17":{"start":{"line":48,"column":4},"end":{"line":48,"column":null}},"18":{"start":{"line":49,"column":24},"end":{"line":49,"column":null}},"19":{"start":{"line":51,"column":6},"end":{"line":52,"column":null}},"20":{"start":{"line":53,"column":4},"end":{"line":53,"column":null}},"21":{"start":{"line":54,"column":4},"end":{"line":54,"column":null}},"22":{"start":{"line":56,"column":4},"end":{"line":56,"column":null}}},"fnMap":{"0":{"name":"constructor","decl":{"start":{"line":8,"column":2},"end":{"line":8,"column":14}},"loc":{"start":{"line":8,"column":31},"end":{"line":10,"column":null}},"line":8},"1":{"name":"generateNode","decl":{"start":{"line":12,"column":2},"end":{"line":12,"column":9}},"loc":{"start":{"line":12,"column":66},"end":{"line":57,"column":null}},"line":12}},"branchMap":{"0":{"loc":{"start":{"line":18,"column":22},"end":{"line":18,"column":null}},"type":"binary-expr","locations":[{"start":{"line":18,"column":22},"end":{"line":18,"column":34}},{"start":{"line":18,"column":34},"end":{"line":18,"column":null}}],"line":18},"1":{"loc":{"start":{"line":22,"column":4},"end":{"line":24,"column":null}},"type":"if","locations":[{"start":{"line":22,"column":4},"end":{"line":24,"column":null}},{"start":{},"end":{}}],"line":22}},"s":{"0":2,"1":2,"2":2,"3":2,"4":2,"5":2,"6":2,"7":1,"8":1,"9":1,"10":1,"11":1,"12":1,"13":1,"14":1,"15":1,"16":1,"17":1,"18":1,"19":1,"20":1,"21":1,"22":1},"f":{"0":2,"1":2},"b":{"0":[2,0],"1":[1,1]},"meta":{"lastBranch":2,"lastFunction":2,"lastStatement":23,"seen":{"f:8:2:8:14":0,"s:9:4:9:Infinity":0,"f:12:2:12:9":1,"s:13:29:13:Infinity":1,"s:14:21:14:Infinity":2,"s:17:18:17:Infinity":3,"s:18:22:18:Infinity":4,"b:18:22:18:34:18:34:18:Infinity":0,"s:19:4:19:Infinity":5,"b:22:4:24:Infinity:undefined:undefined:undefined:undefined":1,"s:22:4:24:Infinity":6,"s:23:6:23:Infinity":7,"s:25:4:25:Infinity":8,"s:26:4:26:Infinity":9,"s:29:37:37:Infinity":10,"s:38:4:38:Infinity":11,"s:39:4:39:Infinity":12,"s:42:22:42:Infinity":13,"s:43:4:43:Infinity":14,"s:44:4:44:Infinity":15,"s:47:23:47:Infinity":16,"s:48:4:48:Infinity":17,"s:49:24:49:Infinity":18,"s:51:6:52:Infinity":19,"s:53:4:53:Infinity":20,"s:54:4:54:Infinity":21,"s:56:4:56:Infinity":22},"fnNames":{}}}
}
